{"@timestamp":"2024-04-22T20:45:58.741+06:00","@version":"1","message":"Starting Application on fedora with PID 9003 (/home/unmei/Documents/chord-collector/target/classes started by unmei in /home/unmei/Documents/chord-collector)","logger_name":"it.omsu.Application","thread_name":"main","level":"INFO","level_value":20000}
{"@timestamp":"2024-04-22T20:45:58.771+06:00","@version":"1","message":"No active profile set, falling back to default profiles: default","logger_name":"it.omsu.Application","thread_name":"main","level":"INFO","level_value":20000}
{"@timestamp":"2024-04-22T20:46:00.381+06:00","@version":"1","message":"Bootstrapping Spring Data JPA repositories in DEFERRED mode.","logger_name":"org.springframework.data.repository.config.RepositoryConfigurationDelegate","thread_name":"main","level":"INFO","level_value":20000}
{"@timestamp":"2024-04-22T20:46:00.615+06:00","@version":"1","message":"Finished Spring Data repository scanning in 210ms. Found 4 JPA repository interfaces.","logger_name":"org.springframework.data.repository.config.RepositoryConfigurationDelegate","thread_name":"main","level":"INFO","level_value":20000}
{"@timestamp":"2024-04-22T20:46:01.672+06:00","@version":"1","message":"Tomcat initialized with port(s): 8000 (http)","logger_name":"org.springframework.boot.web.embedded.tomcat.TomcatWebServer","thread_name":"main","level":"INFO","level_value":20000}
{"@timestamp":"2024-04-22T20:46:01.681+06:00","@version":"1","message":"Initializing ProtocolHandler [\"http-nio-8000\"]","logger_name":"org.apache.coyote.http11.Http11NioProtocol","thread_name":"main","level":"INFO","level_value":20000}
{"@timestamp":"2024-04-22T20:46:01.682+06:00","@version":"1","message":"Starting service [Tomcat]","logger_name":"org.apache.catalina.core.StandardService","thread_name":"main","level":"INFO","level_value":20000}
{"@timestamp":"2024-04-22T20:46:01.682+06:00","@version":"1","message":"Starting Servlet engine: [Apache Tomcat/9.0.38]","logger_name":"org.apache.catalina.core.StandardEngine","thread_name":"main","level":"INFO","level_value":20000}
{"@timestamp":"2024-04-22T20:46:01.972+06:00","@version":"1","message":"At least one JAR was scanned for TLDs yet contained no TLDs. Enable debug logging for this logger for a complete list of JARs that were scanned but no TLDs were found in them. Skipping unneeded JARs during scanning can improve startup time and JSP compilation time.","logger_name":"org.apache.jasper.servlet.TldScanner","thread_name":"main","level":"INFO","level_value":20000}
{"@timestamp":"2024-04-22T20:46:01.985+06:00","@version":"1","message":"Initializing Spring embedded WebApplicationContext","logger_name":"org.apache.catalina.core.ContainerBase.[Tomcat].[localhost].[/]","thread_name":"main","level":"INFO","level_value":20000}
{"@timestamp":"2024-04-22T20:46:01.988+06:00","@version":"1","message":"Root WebApplicationContext: initialization completed in 3027 ms","logger_name":"org.springframework.boot.web.servlet.context.ServletWebServerApplicationContext","thread_name":"main","level":"INFO","level_value":20000}
{"@timestamp":"2024-04-22T20:46:02.354+06:00","@version":"1","message":"Initializing ExecutorService 'applicationTaskExecutor'","logger_name":"org.springframework.scheduling.concurrent.ThreadPoolTaskExecutor","thread_name":"main","level":"INFO","level_value":20000}
{"@timestamp":"2024-04-22T20:46:02.440+06:00","@version":"1","message":"HHH000204: Processing PersistenceUnitInfo [name: default]","logger_name":"org.hibernate.jpa.internal.util.LogHelper","thread_name":"task-1","level":"INFO","level_value":20000}
{"@timestamp":"2024-04-22T20:46:02.498+06:00","@version":"1","message":"spring.jpa.open-in-view is enabled by default. Therefore, database queries may be performed during view rendering. Explicitly configure spring.jpa.open-in-view to disable this warning","logger_name":"org.springframework.boot.autoconfigure.orm.jpa.JpaBaseConfiguration$JpaWebConfiguration","thread_name":"main","level":"WARN","level_value":30000}
{"@timestamp":"2024-04-22T20:46:02.560+06:00","@version":"1","message":"HHH000412: Hibernate ORM core version 5.4.21.Final","logger_name":"org.hibernate.Version","thread_name":"task-1","level":"INFO","level_value":20000}
{"@timestamp":"2024-04-22T20:46:02.910+06:00","@version":"1","message":"HCANN000001: Hibernate Commons Annotations {5.1.0.Final}","logger_name":"org.hibernate.annotations.common.Version","thread_name":"task-1","level":"INFO","level_value":20000}
{"@timestamp":"2024-04-22T20:46:03.219+06:00","@version":"1","message":"Creating filter chain: any request, [org.springframework.security.web.context.request.async.WebAsyncManagerIntegrationFilter@40c8067, org.springframework.security.web.context.SecurityContextPersistenceFilter@3c18942, org.springframework.security.web.header.HeaderWriterFilter@755b5f30, org.springframework.security.web.authentication.logout.LogoutFilter@7b8ea1db, org.springframework.security.web.authentication.UsernamePasswordAuthenticationFilter@377dfb8d, org.springframework.security.web.savedrequest.RequestCacheAwareFilter@6842c101, org.springframework.security.web.servletapi.SecurityContextHolderAwareRequestFilter@32ab408e, org.springframework.security.web.authentication.AnonymousAuthenticationFilter@46bb0bdf, org.springframework.security.web.session.SessionManagementFilter@272778ae, org.springframework.security.web.access.ExceptionTranslationFilter@785ed99c, org.springframework.security.web.access.intercept.FilterSecurityInterceptor@6aea99e7]","logger_name":"org.springframework.security.web.DefaultSecurityFilterChain","thread_name":"main","level":"INFO","level_value":20000}
{"@timestamp":"2024-04-22T20:46:03.233+06:00","@version":"1","message":"HikariPool-1 - Starting...","logger_name":"com.zaxxer.hikari.HikariDataSource","thread_name":"task-1","level":"INFO","level_value":20000}
{"@timestamp":"2024-04-22T20:46:03.580+06:00","@version":"1","message":"HikariPool-1 - Start completed.","logger_name":"com.zaxxer.hikari.HikariDataSource","thread_name":"task-1","level":"INFO","level_value":20000}
{"@timestamp":"2024-04-22T20:46:03.641+06:00","@version":"1","message":"HHH000400: Using dialect: org.hibernate.dialect.PostgreSQL10Dialect","logger_name":"org.hibernate.dialect.Dialect","thread_name":"task-1","level":"INFO","level_value":20000}
{"@timestamp":"2024-04-22T20:46:03.644+06:00","@version":"1","message":"Adding welcome page template: index","logger_name":"org.springframework.boot.autoconfigure.web.servlet.WelcomePageHandlerMapping","thread_name":"main","level":"INFO","level_value":20000}
{"@timestamp":"2024-04-22T20:46:04.133+06:00","@version":"1","message":"Starting ProtocolHandler [\"http-nio-8000\"]","logger_name":"org.apache.coyote.http11.Http11NioProtocol","thread_name":"main","level":"INFO","level_value":20000}
{"@timestamp":"2024-04-22T20:46:04.225+06:00","@version":"1","message":"Tomcat started on port(s): 8000 (http) with context path ''","logger_name":"org.springframework.boot.web.embedded.tomcat.TomcatWebServer","thread_name":"main","level":"INFO","level_value":20000}
{"@timestamp":"2024-04-22T20:46:04.230+06:00","@version":"1","message":"Triggering deferred initialization of Spring Data repositories…","logger_name":"org.springframework.data.repository.config.DeferredRepositoryInitializationListener","thread_name":"main","level":"INFO","level_value":20000}
{"@timestamp":"2024-04-22T20:46:05.227+06:00","@version":"1","message":"HHH000490: Using JtaPlatform implementation: [org.hibernate.engine.transaction.jta.platform.internal.NoJtaPlatform]","logger_name":"org.hibernate.engine.transaction.jta.platform.internal.JtaPlatformInitiator","thread_name":"task-1","level":"INFO","level_value":20000}
{"@timestamp":"2024-04-22T20:46:05.233+06:00","@version":"1","message":"Initialized JPA EntityManagerFactory for persistence unit 'default'","logger_name":"org.springframework.orm.jpa.LocalContainerEntityManagerFactoryBean","thread_name":"task-1","level":"INFO","level_value":20000}
{"@timestamp":"2024-04-22T20:46:05.929+06:00","@version":"1","message":"Spring Data repositories initialized!","logger_name":"org.springframework.data.repository.config.DeferredRepositoryInitializationListener","thread_name":"main","level":"INFO","level_value":20000}
{"@timestamp":"2024-04-22T20:46:05.951+06:00","@version":"1","message":"Started Application in 8.397 seconds (JVM running for 9.441)","logger_name":"it.omsu.Application","thread_name":"main","level":"INFO","level_value":20000}
{"@timestamp":"2024-04-22T20:46:23.389+06:00","@version":"1","message":"Closing JPA EntityManagerFactory for persistence unit 'default'","logger_name":"org.springframework.orm.jpa.LocalContainerEntityManagerFactoryBean","thread_name":"SpringContextShutdownHook","level":"INFO","level_value":20000}
{"@timestamp":"2024-04-22T20:46:23.392+06:00","@version":"1","message":"Shutting down ExecutorService 'applicationTaskExecutor'","logger_name":"org.springframework.scheduling.concurrent.ThreadPoolTaskExecutor","thread_name":"SpringContextShutdownHook","level":"INFO","level_value":20000}
{"@timestamp":"2024-04-22T20:46:23.393+06:00","@version":"1","message":"HikariPool-1 - Shutdown initiated...","logger_name":"com.zaxxer.hikari.HikariDataSource","thread_name":"SpringContextShutdownHook","level":"INFO","level_value":20000}
{"@timestamp":"2024-04-22T20:46:23.400+06:00","@version":"1","message":"HikariPool-1 - Shutdown completed.","logger_name":"com.zaxxer.hikari.HikariDataSource","thread_name":"SpringContextShutdownHook","level":"INFO","level_value":20000}
{"@timestamp":"2024-04-22T21:31:50.681+06:00","@version":"1","message":"HV000001: Hibernate Validator 6.1.5.Final","logger_name":"org.hibernate.validator.internal.util.Version","thread_name":"background-preinit","level":"INFO","level_value":20000}
{"@timestamp":"2024-04-22T21:31:50.828+06:00","@version":"1","message":"Starting Application on fedora with PID 9270 (/home/unmei/Documents/chord-collector/target/classes started by unmei in /home/unmei/Documents/chord-collector)","logger_name":"it.omsu.Application","thread_name":"main","level":"INFO","level_value":20000}
{"@timestamp":"2024-04-22T21:31:50.835+06:00","@version":"1","message":"No active profile set, falling back to default profiles: default","logger_name":"it.omsu.Application","thread_name":"main","level":"INFO","level_value":20000}
{"@timestamp":"2024-04-22T21:31:53.385+06:00","@version":"1","message":"Bootstrapping Spring Data JPA repositories in DEFERRED mode.","logger_name":"org.springframework.data.repository.config.RepositoryConfigurationDelegate","thread_name":"main","level":"INFO","level_value":20000}
{"@timestamp":"2024-04-22T21:31:53.515+06:00","@version":"1","message":"Finished Spring Data repository scanning in 110ms. Found 4 JPA repository interfaces.","logger_name":"org.springframework.data.repository.config.RepositoryConfigurationDelegate","thread_name":"main","level":"INFO","level_value":20000}
{"@timestamp":"2024-04-22T21:31:55.052+06:00","@version":"1","message":"Tomcat initialized with port(s): 8000 (http)","logger_name":"org.springframework.boot.web.embedded.tomcat.TomcatWebServer","thread_name":"main","level":"INFO","level_value":20000}
{"@timestamp":"2024-04-22T21:31:55.071+06:00","@version":"1","message":"Initializing ProtocolHandler [\"http-nio-8000\"]","logger_name":"org.apache.coyote.http11.Http11NioProtocol","thread_name":"main","level":"INFO","level_value":20000}
{"@timestamp":"2024-04-22T21:31:55.072+06:00","@version":"1","message":"Starting service [Tomcat]","logger_name":"org.apache.catalina.core.StandardService","thread_name":"main","level":"INFO","level_value":20000}
{"@timestamp":"2024-04-22T21:31:55.073+06:00","@version":"1","message":"Starting Servlet engine: [Apache Tomcat/9.0.38]","logger_name":"org.apache.catalina.core.StandardEngine","thread_name":"main","level":"INFO","level_value":20000}
{"@timestamp":"2024-04-22T21:31:55.670+06:00","@version":"1","message":"At least one JAR was scanned for TLDs yet contained no TLDs. Enable debug logging for this logger for a complete list of JARs that were scanned but no TLDs were found in them. Skipping unneeded JARs during scanning can improve startup time and JSP compilation time.","logger_name":"org.apache.jasper.servlet.TldScanner","thread_name":"main","level":"INFO","level_value":20000}
{"@timestamp":"2024-04-22T21:31:55.685+06:00","@version":"1","message":"Initializing Spring embedded WebApplicationContext","logger_name":"org.apache.catalina.core.ContainerBase.[Tomcat].[localhost].[/]","thread_name":"main","level":"INFO","level_value":20000}
{"@timestamp":"2024-04-22T21:31:55.687+06:00","@version":"1","message":"Root WebApplicationContext: initialization completed in 4423 ms","logger_name":"org.springframework.boot.web.servlet.context.ServletWebServerApplicationContext","thread_name":"main","level":"INFO","level_value":20000}
{"@timestamp":"2024-04-22T21:31:55.950+06:00","@version":"1","message":"Initializing ExecutorService 'applicationTaskExecutor'","logger_name":"org.springframework.scheduling.concurrent.ThreadPoolTaskExecutor","thread_name":"main","level":"INFO","level_value":20000}
{"@timestamp":"2024-04-22T21:31:56.035+06:00","@version":"1","message":"HHH000204: Processing PersistenceUnitInfo [name: default]","logger_name":"org.hibernate.jpa.internal.util.LogHelper","thread_name":"task-1","level":"INFO","level_value":20000}
{"@timestamp":"2024-04-22T21:31:56.131+06:00","@version":"1","message":"spring.jpa.open-in-view is enabled by default. Therefore, database queries may be performed during view rendering. Explicitly configure spring.jpa.open-in-view to disable this warning","logger_name":"org.springframework.boot.autoconfigure.orm.jpa.JpaBaseConfiguration$JpaWebConfiguration","thread_name":"main","level":"WARN","level_value":30000}
{"@timestamp":"2024-04-22T21:31:56.182+06:00","@version":"1","message":"HHH000412: Hibernate ORM core version 5.4.21.Final","logger_name":"org.hibernate.Version","thread_name":"task-1","level":"INFO","level_value":20000}
{"@timestamp":"2024-04-22T21:31:57.146+06:00","@version":"1","message":"HCANN000001: Hibernate Commons Annotations {5.1.0.Final}","logger_name":"org.hibernate.annotations.common.Version","thread_name":"task-1","level":"INFO","level_value":20000}
